[INFO ] 2024-02-26 18:45:47.174 [main] UserTests - -------------creating user-----------
[INFO ] 2024-02-26 18:46:01.158 [main] UserTests - ------------- user created-----------
[INFO ] 2024-02-26 18:46:02.340 [main] UserTests - -------------updating user-----------
[INFO ] 2024-02-26 18:46:04.179 [main] UserTests - -------------deleting  user-----------
[INFO ] 2024-02-26 18:48:11.576 [main] UserTests - -------------creating user-----------
[INFO ] 2024-02-26 18:48:15.001 [main] UserTests - ------------- user created-----------
[INFO ] 2024-02-26 18:48:16.863 [main] UserTests - -------------updating user-----------
[INFO ] 2024-02-26 18:48:18.682 [main] UserTests - -------------deleting  user-----------
[INFO ] 2024-02-26 20:24:14.057 [main] UserTests2 - -------------creating user-----------
[INFO ] 2024-02-26 20:24:14.092 [main] UserTests2 - -------------updating user-----------
[INFO ] 2024-02-26 20:24:14.101 [main] UserTests2 - -------------deleting  user-----------
[INFO ] 2024-02-26 20:25:09.590 [main] UserTests2 - -------------creating user-----------
[INFO ] 2024-02-26 20:25:09.618 [main] UserTests2 - -------------updating user-----------
[INFO ] 2024-02-26 20:25:09.627 [main] UserTests2 - -------------deleting  user-----------
[INFO ] 2024-02-26 20:28:04.864 [main] UserTests2 - -------------creating user-----------
[INFO ] 2024-02-26 20:28:42.532 [main] UserTests2 - -------------creating user-----------
[INFO ] 2024-02-26 20:30:07.633 [main] UserTests2 - -------------creating user-----------
[INFO ] 2024-02-26 20:40:25.684 [main] UserTests2 - -------------creating user-----------
[INFO ] 2024-02-26 20:40:25.702 [main] UserTests2 - -------------updating user-----------
[INFO ] 2024-02-26 20:40:25.709 [main] UserTests2 - -------------deleting  user-----------
[INFO ] 2024-02-26 21:00:22.012 [main] UserTests2 - -------------creating user-----------
[INFO ] 2024-02-26 21:00:28.444 [main] UserTests2 - -------------updating user-----------
[INFO ] 2024-02-26 21:00:31.055 [main] UserTests2 - -------------deleting  user-----------
[INFO ] 2024-02-26 21:01:15.389 [main] UserTests2 - -------------creating user-----------
[INFO ] 2024-02-26 23:38:23.733 [main] UserTests - -------------creating user-----------
[INFO ] 2024-02-26 23:38:27.462 [main] UserTests - ------------- user created-----------
[INFO ] 2024-02-26 23:38:28.955 [main] UserTests - -------------updating user-----------
[INFO ] 2024-02-26 23:38:30.702 [main] UserTests - -------------deleting  user-----------
[INFO ] 2024-02-26 23:42:50.206 [main] UserTests2 - -------------creating user-----------
[INFO ] 2024-02-26 23:44:25.063 [main] UserTests2 - -------------creating user-----------
[INFO ] 2024-02-26 23:44:30.562 [main] UserTests2 - -------------updating user-----------
[INFO ] 2024-02-26 23:44:32.681 [main] UserTests2 - -------------deleting  user-----------
[INFO ] 2024-02-26 23:46:31.215 [main] UserTests2 - -------------creating user-----------
[INFO ] 2024-02-26 23:51:36.309 [main] UserTests2 - -------------creating user-----------
[INFO ] 2024-02-26 23:51:40.184 [main] UserTests2 - ------------- user created-----------
[INFO ] 2024-02-26 23:52:15.918 [main] UserTests2 - -------------creating user-----------
[INFO ] 2024-02-26 23:52:19.308 [main] UserTests2 - ------------- user created-----------
[INFO ] 2024-02-26 23:52:21.345 [main] UserTests2 - -------------updating user-----------
[INFO ] 2024-02-26 23:52:22.502 [main] UserTests2 - -------------deleting  user-----------
